<?xml version="1.0" encoding="UTF-8"?>
<!-- Generated by org.testng.reporters.JUnitReportReporter -->
<testsuite skipped="0" hostname="rajesh-ThinkPad-L480" name="com.nobroker.testcases.VerifyAbuseReport" tests="1" failures="0" timestamp="18 Jan 2021 06:58:13 GMT" time="179.821" errors="0">
  <testcase name="verify_Abuse_Report" time="179.821" classname="com.nobroker.testcases.VerifyAbuseReport"/>
</testsuite> <!-- com.nobroker.testcases.VerifyAbuseReport -->
